-Xajruntimetarget:1.5
-1.7
-encoding
UTF-8
-outxml
-source
1.7
-target
1.7
-classpath
C:\Users\USUARIO\.m2\repository\javax\javaee-web-api\6.0\javaee-web-api-6.0.jar;C:\Users\USUARIO\.m2\repository\com\google\code\gson\gson\2.2.4\gson-2.2.4.jar;C:\Users\USUARIO\.m2\repository\com\fasterxml\jackson\core\jackson-annotations\2.5.4\jackson-annotations-2.5.4.jar;C:\Users\USUARIO\.m2\repository\commons-io\commons-io\2.5\commons-io-2.5.jar;C:\Users\USUARIO\.m2\repository\org\aspectj\aspectjrt\1.8.7\aspectjrt-1.8.7.jar;C:\Users\USUARIO\.m2\repository\org\aspectj\aspectjtools\1.8.7\aspectjtools-1.8.7.jar;C:\Users\USUARIO\.m2\repository\co\com\runt\ClienteEnvioCorreo\1.0.2\ClienteEnvioCorreo-1.0.2.jar;C:\Users\USUARIO\.m2\repository\co\com\runt\clienteServiciosFirma\1.0.2\clienteServiciosFirma-1.0.2.jar;C:\Users\USUARIO\.m2\repository\co\com\runt\ClienteAutenticacion\1.0.1\ClienteAutenticacion-1.0.1.jar;C:\Users\USUARIO\.m2\repository\commons-lang\commons-lang\2.6\commons-lang-2.6.jar;C:\Users\USUARIO\.m2\repository\org\apache\poi\poi\3.16\poi-3.16.jar;C:\Users\USUARIO\.m2\repository\org\apache\poi\poi-ooxml\3.16\poi-ooxml-3.16.jar;C:\Users\USUARIO\.m2\repository\com\sun\jersey\jersey-client\1.9\jersey-client-1.9.jar;C:\Users\USUARIO\.m2\repository\com\sun\jersey\jersey-core\1.9\jersey-core-1.9.jar;C:\Users\USUARIO\.m2\repository\com\sun\jersey\jersey-json\1.9\jersey-json-1.9.jar;C:\Users\USUARIO\.m2\repository\org\codehaus\jettison\jettison\1.1\jettison-1.1.jar;C:\Users\USUARIO\.m2\repository\stax\stax-api\1.0.1\stax-api-1.0.1.jar;C:\Users\USUARIO\.m2\repository\com\sun\xml\bind\jaxb-impl\2.2.3-1\jaxb-impl-2.2.3-1.jar;C:\Users\USUARIO\.m2\repository\javax\xml\bind\jaxb-api\2.2.2\jaxb-api-2.2.2.jar;C:\Users\USUARIO\.m2\repository\javax\xml\stream\stax-api\1.0-2\stax-api-1.0-2.jar;C:\Users\USUARIO\.m2\repository\javax\activation\activation\1.1\activation-1.1.jar;C:\Users\USUARIO\.m2\repository\org\codehaus\jackson\jackson-core-asl\1.8.3\jackson-core-asl-1.8.3.jar;C:\Users\USUARIO\.m2\repository\org\codehaus\jackson\jackson-mapper-asl\1.8.3\jackson-mapper-asl-1.8.3.jar;C:\Users\USUARIO\.m2\repository\org\codehaus\jackson\jackson-jaxrs\1.8.3\jackson-jaxrs-1.8.3.jar;C:\Users\USUARIO\.m2\repository\org\codehaus\jackson\jackson-xc\1.8.3\jackson-xc-1.8.3.jar;C:\Users\USUARIO\.m2\repository\co\com\runt\AutenticacionRunt.api\1.0.1\AutenticacionRunt.api-1.0.1.jar;C:\Users\USUARIO\.m2\repository\commons-codec\commons-codec\1.10\commons-codec-1.10.jar;C:\Users\USUARIO\.m2\repository\org\apache\commons\commons-collections4\4.1\commons-collections4-4.1.jar;C:\Users\USUARIO\.m2\repository\org\apache\poi\poi-ooxml-schemas\3.16\poi-ooxml-schemas-3.16.jar;C:\Users\USUARIO\.m2\repository\org\apache\xmlbeans\xmlbeans\2.6.0\xmlbeans-2.6.0.jar;C:\Users\USUARIO\.m2\repository\com\github\virtuald\curvesapi\1.04\curvesapi-1.04.jar;C:\Users\USUARIO\RUNT\runistac\target\classes
-d
C:\Users\USUARIO\RUNT\runistac\target\classes
C:\Users\USUARIO\RUNT\runistac\src\main\java\co\com\runt\common\excepciones\ApplicationException.java
C:\Users\USUARIO\RUNT\runistac\src\main\java\co\com\runt\common\seguridad\InfoUsuario.java
C:\Users\USUARIO\RUNT\runistac\src\main\java\co\com\runt\runistac\dto\AnexoDTO.java
C:\Users\USUARIO\RUNT\runistac\src\main\java\co\com\runt\runistac\dto\AseguradoraDTO.java
C:\Users\USUARIO\RUNT\runistac\src\main\java\co\com\runt\runistac\dto\AsignacionCCMDTO.java
C:\Users\USUARIO\RUNT\runistac\src\main\java\co\com\runt\runistac\dto\AutomotorDTO.java
C:\Users\USUARIO\RUNT\runistac\src\main\java\co\com\runt\runistac\dto\CausalesRechazoDTO.java
C:\Users\USUARIO\RUNT\runistac\src\main\java\co\com\runt\runistac\dto\CertificadoCancelacionMatriculaDTO.java
C:\Users\USUARIO\RUNT\runistac\src\main\java\co\com\runt\runistac\dto\ConsecutivoSolicitudDTO.java
C:\Users\USUARIO\RUNT\runistac\src\main\java\co\com\runt\runistac\dto\ConsultaCCMDTO.java
C:\Users\USUARIO\RUNT\runistac\src\main\java\co\com\runt\runistac\dto\ConsultaEstadoCCMDTO.java
C:\Users\USUARIO\RUNT\runistac\src\main\java\co\com\runt\runistac\dto\ConsultaPostulacionDTO.java
C:\Users\USUARIO\RUNT\runistac\src\main\java\co\com\runt\runistac\dto\ConsultaVehiculosDTO.java
C:\Users\USUARIO\RUNT\runistac\src\main\java\co\com\runt\runistac\dto\ConsultaVINDTO.java
C:\Users\USUARIO\RUNT\runistac\src\main\java\co\com\runt\runistac\dto\DatoDTO.java
C:\Users\USUARIO\RUNT\runistac\src\main\java\co\com\runt\runistac\dto\DetallePostulacionCCMDTO.java
C:\Users\USUARIO\RUNT\runistac\src\main\java\co\com\runt\runistac\dto\EmpresaDTO.java
C:\Users\USUARIO\RUNT\runistac\src\main\java\co\com\runt\runistac\dto\EntidadFinancieraDTO.java
C:\Users\USUARIO\RUNT\runistac\src\main\java\co\com\runt\runistac\dto\FirmaDTO.java
C:\Users\USUARIO\RUNT\runistac\src\main\java\co\com\runt\runistac\dto\GarantiaBancariaDTO.java
C:\Users\USUARIO\RUNT\runistac\src\main\java\co\com\runt\runistac\dto\LocatarioDTO.java
C:\Users\USUARIO\RUNT\runistac\src\main\java\co\com\runt\runistac\dto\PagosMTDTO.java
C:\Users\USUARIO\RUNT\runistac\src\main\java\co\com\runt\runistac\dto\ParametroSistemaDTO.java
C:\Users\USUARIO\RUNT\runistac\src\main\java\co\com\runt\runistac\dto\ParametroTextoDTO.java
C:\Users\USUARIO\RUNT\runistac\src\main\java\co\com\runt\runistac\dto\PersonaDTO.java
C:\Users\USUARIO\RUNT\runistac\src\main\java\co\com\runt\runistac\dto\PersonaNaturalDTO.java
C:\Users\USUARIO\RUNT\runistac\src\main\java\co\com\runt\runistac\dto\PolizaCaucionDTO.java
C:\Users\USUARIO\RUNT\runistac\src\main\java\co\com\runt\runistac\dto\PostulacionDTO.java
C:\Users\USUARIO\RUNT\runistac\src\main\java\co\com\runt\runistac\dto\RegistroEstadosDTO.java
C:\Users\USUARIO\RUNT\runistac\src\main\java\co\com\runt\runistac\dto\RegistroVINDTO.java
C:\Users\USUARIO\RUNT\runistac\src\main\java\co\com\runt\runistac\dto\TipoAnexoDTO.java
C:\Users\USUARIO\RUNT\runistac\src\main\java\co\com\runt\runistac\dto\TipoCausalRechazo.java
C:\Users\USUARIO\RUNT\runistac\src\main\java\co\com\runt\runistac\dto\TipoDocumentoDTO.java
C:\Users\USUARIO\RUNT\runistac\src\main\java\co\com\runt\runistac\dto\TipoGarantiaBancariaDTO.java
C:\Users\USUARIO\RUNT\runistac\src\main\java\co\com\runt\runistac\dto\TipoTransportadorDTO.java
C:\Users\USUARIO\RUNT\runistac\src\main\java\co\com\runt\runistac\dto\TituloValorDTO.java
C:\Users\USUARIO\RUNT\runistac\src\main\java\co\com\runt\runistac\dto\ValorPolizaDTO.java
C:\Users\USUARIO\RUNT\runistac\src\main\java\co\com\runt\runistac\filtros\FiltroAutenticacion.java
C:\Users\USUARIO\RUNT\runistac\src\main\java\co\com\runt\runistac\filtros\FiltroCache.java
C:\Users\USUARIO\RUNT\runistac\src\main\java\co\com\runt\runistac\filtros\FiltroExcepciones.java
C:\Users\USUARIO\RUNT\runistac\src\main\java\co\com\runt\runistac\filtros\FiltroPaginas.java
C:\Users\USUARIO\RUNT\runistac\src\main\java\co\com\runt\runistac\filtros\Prueba.java
C:\Users\USUARIO\RUNT\runistac\src\main\java\co\com\runt\runistac\logica\AnexoLogica.java
C:\Users\USUARIO\RUNT\runistac\src\main\java\co\com\runt\runistac\logica\AseguradoraLogica.java
C:\Users\USUARIO\RUNT\runistac\src\main\java\co\com\runt\runistac\logica\AsignacionCCMLogica.java
C:\Users\USUARIO\RUNT\runistac\src\main\java\co\com\runt\runistac\logica\AutomotorLogica.java
C:\Users\USUARIO\RUNT\runistac\src\main\java\co\com\runt\runistac\logica\CausalesRechazoLogica.java
C:\Users\USUARIO\RUNT\runistac\src\main\java\co\com\runt\runistac\logica\CertificadoCancelacionMatriculaLogica.java
C:\Users\USUARIO\RUNT\runistac\src\main\java\co\com\runt\runistac\logica\ConsecutivoSolicitudLogica.java
C:\Users\USUARIO\RUNT\runistac\src\main\java\co\com\runt\runistac\logica\Constantes.java
C:\Users\USUARIO\RUNT\runistac\src\main\java\co\com\runt\runistac\logica\EmpresaLogica.java
C:\Users\USUARIO\RUNT\runistac\src\main\java\co\com\runt\runistac\logica\EntidadFinancieraLogica.java
C:\Users\USUARIO\RUNT\runistac\src\main\java\co\com\runt\runistac\logica\EnvioCorreoLogica.java
C:\Users\USUARIO\RUNT\runistac\src\main\java\co\com\runt\runistac\logica\PagosMTLogica.java
C:\Users\USUARIO\RUNT\runistac\src\main\java\co\com\runt\runistac\logica\ParametroSistemaLogica.java
C:\Users\USUARIO\RUNT\runistac\src\main\java\co\com\runt\runistac\logica\ParametroTextoLogica.java
C:\Users\USUARIO\RUNT\runistac\src\main\java\co\com\runt\runistac\logica\PersonaLogica.java
C:\Users\USUARIO\RUNT\runistac\src\main\java\co\com\runt\runistac\logica\PersonaNaturalLogica.java
C:\Users\USUARIO\RUNT\runistac\src\main\java\co\com\runt\runistac\logica\PolizaCaucionLogica.java
C:\Users\USUARIO\RUNT\runistac\src\main\java\co\com\runt\runistac\logica\PostulacionLogica.java
C:\Users\USUARIO\RUNT\runistac\src\main\java\co\com\runt\runistac\logica\RegistroEstadosLogica.java
C:\Users\USUARIO\RUNT\runistac\src\main\java\co\com\runt\runistac\logica\RegistroVINLogica.java
C:\Users\USUARIO\RUNT\runistac\src\main\java\co\com\runt\runistac\logica\ReporteLogica.java
C:\Users\USUARIO\RUNT\runistac\src\main\java\co\com\runt\runistac\logica\TareasLogica.java
C:\Users\USUARIO\RUNT\runistac\src\main\java\co\com\runt\runistac\logica\TipoAnexoLogica.java
C:\Users\USUARIO\RUNT\runistac\src\main\java\co\com\runt\runistac\logica\TipoDocumentoLogica.java
C:\Users\USUARIO\RUNT\runistac\src\main\java\co\com\runt\runistac\logica\TipoGarantiaBancariaLogica.java
C:\Users\USUARIO\RUNT\runistac\src\main\java\co\com\runt\runistac\logica\TipoTransportadorLogica.java
C:\Users\USUARIO\RUNT\runistac\src\main\java\co\com\runt\runistac\logica\ValorPolizaLogica.java
C:\Users\USUARIO\RUNT\runistac\src\main\java\co\com\runt\runistac\persistencia\AnexoDAO.java
C:\Users\USUARIO\RUNT\runistac\src\main\java\co\com\runt\runistac\persistencia\AseguradoraDAO.java
C:\Users\USUARIO\RUNT\runistac\src\main\java\co\com\runt\runistac\persistencia\AsignacionCCMDAO.java
C:\Users\USUARIO\RUNT\runistac\src\main\java\co\com\runt\runistac\persistencia\AuditoriaDAO.java
C:\Users\USUARIO\RUNT\runistac\src\main\java\co\com\runt\runistac\persistencia\AutomotorDAO.java
C:\Users\USUARIO\RUNT\runistac\src\main\java\co\com\runt\runistac\persistencia\CausalesRechazoDAO.java
C:\Users\USUARIO\RUNT\runistac\src\main\java\co\com\runt\runistac\persistencia\CertificadoCancelacionMatriculaDAO.java
C:\Users\USUARIO\RUNT\runistac\src\main\java\co\com\runt\runistac\persistencia\ConsecutivoSolicitudDAO.java
C:\Users\USUARIO\RUNT\runistac\src\main\java\co\com\runt\runistac\persistencia\EmpresaDAO.java
C:\Users\USUARIO\RUNT\runistac\src\main\java\co\com\runt\runistac\persistencia\EntidadFinancieraDAO.java
C:\Users\USUARIO\RUNT\runistac\src\main\java\co\com\runt\runistac\persistencia\entity\Anexo.java
C:\Users\USUARIO\RUNT\runistac\src\main\java\co\com\runt\runistac\persistencia\entity\Aseguradora.java
C:\Users\USUARIO\RUNT\runistac\src\main\java\co\com\runt\runistac\persistencia\entity\AsignacionCCM.java
C:\Users\USUARIO\RUNT\runistac\src\main\java\co\com\runt\runistac\persistencia\entity\Auditoria.java
C:\Users\USUARIO\RUNT\runistac\src\main\java\co\com\runt\runistac\persistencia\entity\Automotor.java
C:\Users\USUARIO\RUNT\runistac\src\main\java\co\com\runt\runistac\persistencia\entity\CausalesRechazo.java
C:\Users\USUARIO\RUNT\runistac\src\main\java\co\com\runt\runistac\persistencia\entity\CertificadoCancelacionMatricula.java
C:\Users\USUARIO\RUNT\runistac\src\main\java\co\com\runt\runistac\persistencia\entity\ConsecutivoSolicitud.java
C:\Users\USUARIO\RUNT\runistac\src\main\java\co\com\runt\runistac\persistencia\entity\Empresa.java
C:\Users\USUARIO\RUNT\runistac\src\main\java\co\com\runt\runistac\persistencia\entity\EntidadFinanciera.java
C:\Users\USUARIO\RUNT\runistac\src\main\java\co\com\runt\runistac\persistencia\entity\EstadoCCM.java
C:\Users\USUARIO\RUNT\runistac\src\main\java\co\com\runt\runistac\persistencia\entity\EstadoPostulacion.java
C:\Users\USUARIO\RUNT\runistac\src\main\java\co\com\runt\runistac\persistencia\entity\Firma.java
C:\Users\USUARIO\RUNT\runistac\src\main\java\co\com\runt\runistac\persistencia\entity\OperacionesAuditoria.java
C:\Users\USUARIO\RUNT\runistac\src\main\java\co\com\runt\runistac\persistencia\entity\PagosMT.java
C:\Users\USUARIO\RUNT\runistac\src\main\java\co\com\runt\runistac\persistencia\entity\ParametroSistema.java
C:\Users\USUARIO\RUNT\runistac\src\main\java\co\com\runt\runistac\persistencia\entity\ParametroTexto.java
C:\Users\USUARIO\RUNT\runistac\src\main\java\co\com\runt\runistac\persistencia\entity\Persona.java
C:\Users\USUARIO\RUNT\runistac\src\main\java\co\com\runt\runistac\persistencia\entity\PersonaNatural.java
C:\Users\USUARIO\RUNT\runistac\src\main\java\co\com\runt\runistac\persistencia\entity\PolizaCaucion.java
C:\Users\USUARIO\RUNT\runistac\src\main\java\co\com\runt\runistac\persistencia\entity\Postulacion.java
C:\Users\USUARIO\RUNT\runistac\src\main\java\co\com\runt\runistac\persistencia\entity\RegistroAuditoria.java
C:\Users\USUARIO\RUNT\runistac\src\main\java\co\com\runt\runistac\persistencia\entity\RegistroEstados.java
C:\Users\USUARIO\RUNT\runistac\src\main\java\co\com\runt\runistac\persistencia\entity\RegistroTarea.java
C:\Users\USUARIO\RUNT\runistac\src\main\java\co\com\runt\runistac\persistencia\entity\RegistroVIN.java
C:\Users\USUARIO\RUNT\runistac\src\main\java\co\com\runt\runistac\persistencia\entity\TipoAnexo.java
C:\Users\USUARIO\RUNT\runistac\src\main\java\co\com\runt\runistac\persistencia\entity\TipoDocumento.java
C:\Users\USUARIO\RUNT\runistac\src\main\java\co\com\runt\runistac\persistencia\entity\TipoEntidadFinanciera.java
C:\Users\USUARIO\RUNT\runistac\src\main\java\co\com\runt\runistac\persistencia\entity\TipoGarantiaBancaria.java
C:\Users\USUARIO\RUNT\runistac\src\main\java\co\com\runt\runistac\persistencia\entity\TipoProceso.java
C:\Users\USUARIO\RUNT\runistac\src\main\java\co\com\runt\runistac\persistencia\entity\TipoTarea.java
C:\Users\USUARIO\RUNT\runistac\src\main\java\co\com\runt\runistac\persistencia\entity\TipoTituloValor.java
C:\Users\USUARIO\RUNT\runistac\src\main\java\co\com\runt\runistac\persistencia\entity\TipoTransportador.java
C:\Users\USUARIO\RUNT\runistac\src\main\java\co\com\runt\runistac\persistencia\entity\ValorPoliza.java
C:\Users\USUARIO\RUNT\runistac\src\main\java\co\com\runt\runistac\persistencia\FirmaDAO.java
C:\Users\USUARIO\RUNT\runistac\src\main\java\co\com\runt\runistac\persistencia\PagosMTDAO.java
C:\Users\USUARIO\RUNT\runistac\src\main\java\co\com\runt\runistac\persistencia\ParametroSistemaDAO.java
C:\Users\USUARIO\RUNT\runistac\src\main\java\co\com\runt\runistac\persistencia\ParametroTextoDAO.java
C:\Users\USUARIO\RUNT\runistac\src\main\java\co\com\runt\runistac\persistencia\PersonaDAO.java
C:\Users\USUARIO\RUNT\runistac\src\main\java\co\com\runt\runistac\persistencia\PersonaNaturalDAO.java
C:\Users\USUARIO\RUNT\runistac\src\main\java\co\com\runt\runistac\persistencia\PolizaCaucionDAO.java
C:\Users\USUARIO\RUNT\runistac\src\main\java\co\com\runt\runistac\persistencia\PostulacionDAO.java
C:\Users\USUARIO\RUNT\runistac\src\main\java\co\com\runt\runistac\persistencia\RegistroEstadosDAO.java
C:\Users\USUARIO\RUNT\runistac\src\main\java\co\com\runt\runistac\persistencia\RegistroTareaDAO.java
C:\Users\USUARIO\RUNT\runistac\src\main\java\co\com\runt\runistac\persistencia\RegistroVINDAO.java
C:\Users\USUARIO\RUNT\runistac\src\main\java\co\com\runt\runistac\persistencia\ReporteDAO.java
C:\Users\USUARIO\RUNT\runistac\src\main\java\co\com\runt\runistac\persistencia\TipoAnexoDAO.java
C:\Users\USUARIO\RUNT\runistac\src\main\java\co\com\runt\runistac\persistencia\TipoDocumentoDAO.java
C:\Users\USUARIO\RUNT\runistac\src\main\java\co\com\runt\runistac\persistencia\TipoGarantiaBancariaDAO.java
C:\Users\USUARIO\RUNT\runistac\src\main\java\co\com\runt\runistac\persistencia\TipoTransportadorDAO.java
C:\Users\USUARIO\RUNT\runistac\src\main\java\co\com\runt\runistac\persistencia\ValorPolizaDAO.java
C:\Users\USUARIO\RUNT\runistac\src\main\java\co\com\runt\runistac\servicio\AnexoServicio.java
C:\Users\USUARIO\RUNT\runistac\src\main\java\co\com\runt\runistac\servicio\AseguradoraServicio.java
C:\Users\USUARIO\RUNT\runistac\src\main\java\co\com\runt\runistac\servicio\AsignacionCCMServicio.java
C:\Users\USUARIO\RUNT\runistac\src\main\java\co\com\runt\runistac\servicio\AutomotorServicio.java
C:\Users\USUARIO\RUNT\runistac\src\main\java\co\com\runt\runistac\servicio\CausalesRechazoServicio.java
C:\Users\USUARIO\RUNT\runistac\src\main\java\co\com\runt\runistac\servicio\CertificadoCancelacionMatriculaServicio.java
C:\Users\USUARIO\RUNT\runistac\src\main\java\co\com\runt\runistac\servicio\ConsecutivoSolicitudServicio.java
C:\Users\USUARIO\RUNT\runistac\src\main\java\co\com\runt\runistac\servicio\EmpresaServicio.java
C:\Users\USUARIO\RUNT\runistac\src\main\java\co\com\runt\runistac\servicio\EntidadFinancieraServicio.java
C:\Users\USUARIO\RUNT\runistac\src\main\java\co\com\runt\runistac\servicio\PagosMTServicio.java
C:\Users\USUARIO\RUNT\runistac\src\main\java\co\com\runt\runistac\servicio\ParametroSistemaServicio.java
C:\Users\USUARIO\RUNT\runistac\src\main\java\co\com\runt\runistac\servicio\ParametroTextoServicio.java
C:\Users\USUARIO\RUNT\runistac\src\main\java\co\com\runt\runistac\servicio\PersonaNaturalServicio.java
C:\Users\USUARIO\RUNT\runistac\src\main\java\co\com\runt\runistac\servicio\PersonaServicio.java
C:\Users\USUARIO\RUNT\runistac\src\main\java\co\com\runt\runistac\servicio\PolizaCaucionServicio.java
C:\Users\USUARIO\RUNT\runistac\src\main\java\co\com\runt\runistac\servicio\PostulacionServicio.java
C:\Users\USUARIO\RUNT\runistac\src\main\java\co\com\runt\runistac\servicio\RegistroEstadosServicio.java
C:\Users\USUARIO\RUNT\runistac\src\main\java\co\com\runt\runistac\servicio\RegistroVINServicio.java
C:\Users\USUARIO\RUNT\runistac\src\main\java\co\com\runt\runistac\servicio\ServicioConsulta.java
C:\Users\USUARIO\RUNT\runistac\src\main\java\co\com\runt\runistac\servicio\TareasServicio.java
C:\Users\USUARIO\RUNT\runistac\src\main\java\co\com\runt\runistac\servicio\TipoAnexoServicio.java
C:\Users\USUARIO\RUNT\runistac\src\main\java\co\com\runt\runistac\servicio\TipoDocumentoServicio.java
C:\Users\USUARIO\RUNT\runistac\src\main\java\co\com\runt\runistac\servicio\TipoGarantiaBancariaService.java
C:\Users\USUARIO\RUNT\runistac\src\main\java\co\com\runt\runistac\servicio\TipoTransportadorServicio.java
C:\Users\USUARIO\RUNT\runistac\src\main\java\co\com\runt\runistac\servicio\ValorPolizaServicio.java
C:\Users\USUARIO\RUNT\runistac\src\main\java\co\com\runt\runistac\utils\FechaUtils.java
C:\Users\USUARIO\RUNT\runistac\src\main\java\co\com\runt\runistac\utils\InfoUsuarioUtil.java
C:\Users\USUARIO\RUNT\runistac\src\main\java\org\netbeans\rest\application\config\ApplicationConfig.java
C:\Users\USUARIO\RUNT\runistac\src\main\java\org\netbeans\rest\application\config\GsonMessageBodyHandler.java
